<?xml version="1.0" encoding="UTF-8"?>
<!-- Generated by org.testng.reporters.JUnitReportReporter -->
<testsuite skipped="0" hostname="DESKTOP-PR07NF6" name="com.qa.tests.GetAPITest" tests="2" failures="0" timestamp="24 Jul 2018 05:18:37 GMT" time="2.458" errors="0">
  <testcase name="getAPITestWithHeaders" time="1.715" classname="com.qa.tests.GetAPITest"/>
  <testcase name="getAPITestWithoutHeaders" time="0.743" classname="com.qa.tests.GetAPITest"/>
</testsuite> <!-- com.qa.tests.GetAPITest -->
