<?xml version="1.0" encoding="UTF-8"?>
<!-- Generated by org.testng.reporters.JUnitReportReporter -->
<testsuite skipped="2" hostname="DESKTOP-PR07NF6" name="com.qa.tests.UsingSimpleJson" tests="3" failures="0" timestamp="27 Jul 2018 06:16:14 GMT" time="2.655" errors="0">
  <testcase name="deleteAPI" time="2.655" classname="com.qa.tests.UsingSimpleJson"/>
  <testcase name="postAPI" classname="com.qa.tests.UsingSimpleJson">
    <skipped/>
  </testcase> <!-- postAPI -->
  <testcase name="putAPI" classname="com.qa.tests.UsingSimpleJson">
    <skipped/>
  </testcase> <!-- putAPI -->
</testsuite> <!-- com.qa.tests.UsingSimpleJson -->
