<?xml version="1.0" encoding="UTF-8"?>
<!-- Generated by org.testng.reporters.JUnitReportReporter -->
<testsuite skipped="0" hostname="DESKTOP-PR07NF6" name="com.qa.tests.GetUsingRestAssured" tests="1" failures="0" timestamp="26 Jul 2018 07:28:24 GMT" time="5.317" errors="0">
  <testcase name="getUsingRest" time="5.317" classname="com.qa.tests.GetUsingRestAssured"/>
</testsuite> <!-- com.qa.tests.GetUsingRestAssured -->
