<?xml version="1.0" encoding="UTF-8"?>
<!-- Generated by org.testng.reporters.JUnitReportReporter -->
<testsuite skipped="0" hostname="DESKTOP-PR07NF6" name="com.qa.tests.PostAPITest" tests="1" failures="0" timestamp="25 Jul 2018 06:44:28 GMT" time="2.724" errors="0">
  <testcase name="postAPIWithHeaders" time="2.724" classname="com.qa.tests.PostAPITest"/>
</testsuite> <!-- com.qa.tests.PostAPITest -->
